{"/Users/ecrosbie/workspace/appTemplate/cloud/main.js":{"path":"/Users/ecrosbie/workspace/appTemplate/cloud/main.js","s":{"1":1,"2":1,"3":0,"4":1,"5":0,"6":0},"b":{},"f":{"1":0,"2":0,"3":0},"fnMap":{"1":{"name":"(anonymous_1)","line":11,"loc":{"start":{"line":11,"column":20},"end":{"line":11,"column":40}}},"2":{"name":"(anonymous_2)","line":20,"loc":{"start":{"line":20,"column":16},"end":{"line":20,"column":36}}},"3":{"name":"(anonymous_3)","line":21,"loc":{"start":{"line":21,"column":23},"end":{"line":21,"column":42}}}},"statementMap":{"1":{"start":{"line":8,"column":0},"end":{"line":8,"column":38}},"2":{"start":{"line":11,"column":0},"end":{"line":13,"column":2}},"3":{"start":{"line":12,"column":1},"end":{"line":12,"column":34}},"4":{"start":{"line":20,"column":0},"end":{"line":24,"column":2}},"5":{"start":{"line":21,"column":1},"end":{"line":23,"column":4}},"6":{"start":{"line":22,"column":2},"end":{"line":22,"column":23}}},"branchMap":{}},"/Users/ecrosbie/workspace/appTemplate/cloud/backend.js":{"path":"/Users/ecrosbie/workspace/appTemplate/cloud/backend.js","s":{"1":1,"2":0,"3":0,"4":0,"5":0,"6":0,"7":0,"8":0,"9":0,"10":0,"11":0,"12":0,"13":0,"14":0,"15":0,"16":0,"17":0,"18":0},"b":{"1":[0,0],"2":[0,0],"3":[0,0]},"f":{"1":0,"2":0,"3":0},"fnMap":{"1":{"name":"(anonymous_1)","line":14,"loc":{"start":{"line":14,"column":16},"end":{"line":14,"column":36}}},"2":{"name":"(anonymous_2)","line":24,"loc":{"start":{"line":24,"column":36},"end":{"line":24,"column":59}}},"3":{"name":"(anonymous_3)","line":46,"loc":{"start":{"line":46,"column":22},"end":{"line":46,"column":46}}}},"statementMap":{"1":{"start":{"line":14,"column":0},"end":{"line":49,"column":2}},"2":{"start":{"line":15,"column":1},"end":{"line":15,"column":17}},"3":{"start":{"line":16,"column":1},"end":{"line":16,"column":28}},"4":{"start":{"line":17,"column":1},"end":{"line":17,"column":28}},"5":{"start":{"line":18,"column":1},"end":{"line":18,"column":15}},"6":{"start":{"line":19,"column":1},"end":{"line":35,"column":2}},"7":{"start":{"line":20,"column":2},"end":{"line":20,"column":21}},"8":{"start":{"line":21,"column":2},"end":{"line":21,"column":46}},"9":{"start":{"line":22,"column":2},"end":{"line":22,"column":23}},"10":{"start":{"line":24,"column":2},"end":{"line":34,"column":5}},"11":{"start":{"line":25,"column":3},"end":{"line":33,"column":4}},"12":{"start":{"line":26,"column":4},"end":{"line":26,"column":22}},"13":{"start":{"line":27,"column":4},"end":{"line":27,"column":22}},"14":{"start":{"line":28,"column":4},"end":{"line":28,"column":25}},"15":{"start":{"line":30,"column":4},"end":{"line":30,"column":23}},"16":{"start":{"line":31,"column":4},"end":{"line":31,"column":50}},"17":{"start":{"line":32,"column":4},"end":{"line":32,"column":25}},"18":{"start":{"line":48,"column":1},"end":{"line":48,"column":33}}},"branchMap":{"1":{"line":19,"type":"if","locations":[{"start":{"line":19,"column":1},"end":{"line":19,"column":1}},{"start":{"line":19,"column":1},"end":{"line":19,"column":1}}]},"2":{"line":19,"type":"binary-expr","locations":[{"start":{"line":19,"column":4},"end":{"line":19,"column":9}},{"start":{"line":19,"column":13},"end":{"line":19,"column":18}}]},"3":{"line":25,"type":"if","locations":[{"start":{"line":25,"column":3},"end":{"line":25,"column":3}},{"start":{"line":25,"column":3},"end":{"line":25,"column":3}}]}}}}