TN:
SF:/Users/ecrosbie/workspace/appTemplate/cloud/main.js
FN:11,(anonymous_1)
FN:20,(anonymous_2)
FN:21,(anonymous_3)
FNF:3
FNH:0
FNDA:0,(anonymous_1)
FNDA:0,(anonymous_2)
FNDA:0,(anonymous_3)
DA:8,1
DA:11,1
DA:12,0
DA:20,1
DA:21,0
DA:22,0
LF:6
LH:3
BRF:0
BRH:0
end_of_record
TN:
SF:/Users/ecrosbie/workspace/appTemplate/cloud/backend.js
FN:14,(anonymous_1)
FN:24,(anonymous_2)
FN:46,(anonymous_3)
FNF:3
FNH:0
FNDA:0,(anonymous_1)
FNDA:0,(anonymous_2)
FNDA:0,(anonymous_3)
DA:14,1
DA:15,0
DA:16,0
DA:17,0
DA:18,0
DA:19,0
DA:20,0
DA:21,0
DA:22,0
DA:24,0
DA:25,0
DA:26,0
DA:27,0
DA:28,0
DA:30,0
DA:31,0
DA:32,0
DA:48,0
LF:18
LH:1
BRDA:19,1,0,0
BRDA:19,1,1,0
BRDA:19,2,0,0
BRDA:19,2,1,0
BRDA:25,3,0,0
BRDA:25,3,1,0
BRF:6
BRH:0
end_of_record
