{"/Users/ecrosbie/workspace/appTemplate/cloud/tests/loginTest.js":{"path":"/Users/ecrosbie/workspace/appTemplate/cloud/tests/loginTest.js","s":{"1":1,"2":1,"3":1,"4":0,"5":0,"6":0,"7":0,"8":0,"9":0,"10":0,"11":0,"12":0,"13":0,"14":0,"15":0,"16":0,"17":0,"18":0,"19":0},"b":{},"f":{"1":0,"2":0,"3":0,"4":0,"5":0},"fnMap":{"1":{"name":"(anonymous_1)","line":6,"loc":{"start":{"line":6,"column":11},"end":{"line":6,"column":26}}},"2":{"name":"(anonymous_2)","line":10,"loc":{"start":{"line":10,"column":38},"end":{"line":10,"column":53}}},"3":{"name":"(anonymous_3)","line":13,"loc":{"start":{"line":13,"column":26},"end":{"line":13,"column":43}}},"4":{"name":"(anonymous_4)","line":22,"loc":{"start":{"line":22,"column":33},"end":{"line":22,"column":47}}},"5":{"name":"(anonymous_5)","line":24,"loc":{"start":{"line":24,"column":22},"end":{"line":24,"column":39}}}},"statementMap":{"1":{"start":{"line":1,"column":0},"end":{"line":1,"column":26}},"2":{"start":{"line":4,"column":0},"end":{"line":4,"column":14}},"3":{"start":{"line":5,"column":0},"end":{"line":32,"column":2}},"4":{"start":{"line":7,"column":8},"end":{"line":7,"column":15}},"5":{"start":{"line":11,"column":8},"end":{"line":11,"column":23}},"6":{"start":{"line":12,"column":8},"end":{"line":12,"column":55}},"7":{"start":{"line":13,"column":8},"end":{"line":19,"column":11}},"8":{"start":{"line":14,"column":12},"end":{"line":14,"column":26}},"9":{"start":{"line":15,"column":12},"end":{"line":15,"column":25}},"10":{"start":{"line":16,"column":12},"end":{"line":16,"column":71}},"11":{"start":{"line":17,"column":12},"end":{"line":17,"column":75}},"12":{"start":{"line":18,"column":12},"end":{"line":18,"column":24}},"13":{"start":{"line":23,"column":8},"end":{"line":23,"column":23}},"14":{"start":{"line":24,"column":8},"end":{"line":30,"column":11}},"15":{"start":{"line":25,"column":12},"end":{"line":25,"column":26}},"16":{"start":{"line":26,"column":12},"end":{"line":26,"column":25}},"17":{"start":{"line":27,"column":12},"end":{"line":27,"column":96}},"18":{"start":{"line":28,"column":12},"end":{"line":28,"column":98}},"19":{"start":{"line":29,"column":12},"end":{"line":29,"column":24}}},"branchMap":{}}}